<?xml version="1.0" encoding="UTF-8"?>
<!-- Generated by org.testng.reporters.JUnitReportReporter -->
<testsuite hostname="DESKTOP-IM8GM8O" failures="0" tests="8" name="pageTest.HomePageTest" time="22.193" errors="0" timestamp="2023-03-21T14:00:04 CDT" skipped="6">
  <testcase classname="pageTest.HomePageTest" name="clickOnSameDayLinkTest" time="12.289"/>
  <system-out/>
  <testcase classname="pageTest.HomePageTest" name="clickOnDealLinkTest" time="9.904"/>
  <system-out/>
  <testcase classname="pageTest.HomePageTest" name="clickOnGroceryLinkTest">
    <skipped/>
  </testcase> <!-- clickOnGroceryLinkTest -->
  <system-out/>
  <testcase classname="pageTest.HomePageTest" name="clickOnSignButtonTest">
    <skipped/>
  </testcase> <!-- clickOnSignButtonTest -->
  <system-out/>
  <testcase classname="pageTest.HomePageTest" name="clickOnSignTest">
    <skipped/>
  </testcase> <!-- clickOnSignTest -->
  <system-out/>
  <testcase classname="pageTest.HomePageTest" name="clickOnCartTest">
    <skipped/>
  </testcase> <!-- clickOnCartTest -->
  <system-out/>
  <testcase classname="pageTest.HomePageTest" name="clickOnOrderlinkTest">
    <skipped/>
  </testcase> <!-- clickOnOrderlinkTest -->
  <system-out/>
  <testcase classname="pageTest.HomePageTest" name="clickOnSearchFieldTest">
    <skipped/>
  </testcase> <!-- clickOnSearchFieldTest -->
  <system-out/>
</testsuite> <!-- pageTest.HomePageTest -->
